Engine-Match Monday, 20 August 2018 23.23.36
 Tournament Game in 5 Minutes 

Pairing 1/1 :    VICEcs  -  Ruffian 1.0.5

PGN-File: C:\Users\Romild\Downloads\arena_3.5.1\Arena.pgn

No:  B/W 1/2     W:B       1:2           Time        Value Moves Dep 1:2       1-2-Draws

--------------------------------------------------------------

Engine-Match Monday, 20 August 2018 23.29.47
 Tournament Game in 5 Minutes 

Pairing 1/1 :    VICEcs  -  AnMon 5.75

PGN-File: C:\Users\Romild\Downloads\arena_3.5.1\Arena.pgn

No:  B/W 1/2     W:B       1:2           Time        Value Moves Dep 1:2       1-2-Draws

--------------------------------------------------------------

Engine-Match Monday, 20 August 2018 23.33.14
 Tournament Game in 5 Minutes 

Pairing 1/1 :    Spike 1.4  -  VICEcs

PGN-File: C:\Users\Romild\Downloads\arena_3.5.1\Arena.pgn

No:  B/W 1/2     W:B       1:2           Time        Value Moves Dep 1:2       1-2-Draws
   1 W 1    1,0:0,0        1,0:0,0       23.38.21     0.00     1 0:0 1-0-0

--------------------------------------------------------------

Engine-Match Monday, 20 August 2018 23.44.16
 Tournament Game in 5 Minutes 

Pairing 1/1 :    VICEcs  -  Spike 1.4

PGN-File: C:\Users\Romild\Downloads\arena_3.5.1\Arena.pgn

No:  B/W 1/2     W:B       1:2           Time        Value Moves Dep 1:2       1-2-Draws

--------------------------------------------------------------

Engine-Match Monday, 20 August 2018 23.50.48
 Tournament Game in 5 Minutes 

Pairing 1/1 :    VICEcs  -  Rybka 2.3.2a 64 bit

PGN-File: C:\Users\Romild\Downloads\arena_3.5.1\Arena.pgn

No:  B/W 1/2     W:B       1:2           Time        Value Moves Dep 1:2       1-2-Draws

--------------------------------------------------------------

Engine-Match Monday, 20 August 2018 23.53.15
 Tournament Game in 5 Minutes 

Pairing 1/1 :    Rybka 2.3.2a 32 bit  -  VICEcs

PGN-File: C:\Users\Romild\Downloads\arena_3.5.1\Arena.pgn

No:  B/W 1/2     W:B       1:2           Time        Value Moves Dep 1:2       1-2-Draws
   1 * *     0,0:0,0        0,0:0,0       23.56.24    +0.12     1 14,000 :0 0-0-0
   1 * *     0,0:0,0        0,0:0,0       23.59.04    +0.12     1 14,000 :0 0-0-0
   1 * *     0,0:0,0        0,0:0,0       00.00.45    +0.12     1 14,000 :0 0-0-0
   1 * *     0,0:0,0        0,0:0,0       01.12.38    +0.12     1 14,000 :0 0-0-0
   1 * *     0,0:0,0        0,0:0,0       01.14.27    +0.12     1 14,000 :0 0-0-0
   1 * *     0,0:0,0        0,0:0,0       01.15.33    +0.12     1 14,000 :0 0-0-0
   1 W 1    1,0:0,0        1,0:0,0       01.16.17    +0.12     1 14,000 :0 1-0-0
   1 * *     0,0:0,0        0,0:0,0       18.30.33    +6.80    13 6,692 :0 0-0-0
   1 B 2    1,0:0,0        0,0:1,0       19.43.51     0.00    16 0:6,333  0-1-0
   1 * *     0,0:0,0        0,0:0,0       10.29.32    +0.25     6 6,667 :0 0-0-0
   1 * *     0,0:0,0        0,0:0,0       21.26.39     0.00     0 0:0 0-0-0
   1 * *     0,0:0,0        0,0:0,0       21.32.15     0.00     0 0:0 0-0-0
   1 * *     0,0:0,0        0,0:0,0       21.33.25     0.00     1 0:0 0-0-0
   1 * *     0,0:0,0        0,0:0,0       21.36.31     0.00     1 0:0 0-0-0
   1 * *     0,0:0,0        0,0:0,0       21.43.18    +7.06    27 12,632 :6,455  0-0-0
   1 * *     0,0:0,0        0,0:0,0       17.45.34     0.00     1 0:0 0-0-0
   1 * *     0,0:0,0        0,0:0,0       17.59.08    +0.05     2 6,500 :0 0-0-0
   1 B 2    1,0:0,0        0,0:1,0       15.58.11     0.00    10 5,818 :0 0-1-0
